<?xml version="1.0" encoding="UTF-8"?>
<!-- Generated by org.testng.reporters.JUnitXMLReporter -->
<testsuite ignored="0" hostname="Neelam" failures="0" tests="11" name="Surefire test" time="81.616" errors="0" timestamp="09 Jul. 2023 19:29:17 GMT">
  <testcase classname="com.naveenautomationlabs.AFramework.tests.LaptopsNotebookTest" name="validateClickingOnListOfLaptopsNotebookGoTORespectivePage" time="2.193"/>
  <testcase classname="com.naveenautomationlabs.AFramework.tests.MyWishListTest" name="validateGettingCellElementFromTable" time="3.028"/>
  <testcase classname="com.naveenautomationlabs.AFramework.tests.YourStoreTest" name="validateClickingDisplayItemOnMainPageTakesToItemPage" time="3.563"/>
  <testcase classname="com.naveenautomationlabs.AFramework.tests.YourStoreTest" name="validateDisplayImageIsMovingOnMainPage" time="3.155"/>
  <testcase classname="com.naveenautomationlabs.AFramework.tests.YourStoreTest" name="validateFooterDisplayImagesMoving" time="3.726"/>
  <testcase classname="com.naveenautomationlabs.AFramework.tests.YourStoreTest" name="validateLoginUsingValidCredentials" time="1.946"/>
  <testcase classname="com.naveenautomationlabs.AFramework.tests.YourStoreTest" name="validateLoginUsingValidCredentials" time="1.812"/>
  <testcase classname="com.naveenautomationlabs.AFramework.tests.YourStoreTest" name="validateLoginUsingValidCredentials" time="1.721"/>
  <testcase classname="com.naveenautomationlabs.AFramework.tests.YourStoreTest" name="validateLoginUsingValidCredentials" time="1.736"/>
  <testcase classname="com.naveenautomationlabs.AFramework.tests.YourStoreTest" name="validateWishListIsUpdated" time="3.314"/>
  <testcase classname="com.naveenautomationlabs.AFramework.tests.MyWishListTest" name="validateLogin" time="2.651"/>
</testsuite> <!-- Surefire test -->
