<?xml version="1.0" encoding="UTF-8"?>
<!-- Generated by org.testng.reporters.JUnitXMLReporter -->
<testsuite ignored="0" hostname="Neelam" failures="0" tests="2" name="Default test" time="17.1" errors="0" timestamp="2023-07-09T14:27:50 EDT">
  <testcase classname="com.naveenautomationlabs.AFramework.tests.MyWishListTest" name="validateGettingCellElementFromTable" time="2.94"/>
  <testcase classname="com.naveenautomationlabs.AFramework.tests.MyWishListTest" name="validateLogin" time="2.532"/>
</testsuite> <!-- Default test -->
