-------------------------------------------------------------------------------
Test set: TestSuite
-------------------------------------------------------------------------------
Tests run: 2, Failures: 1, Errors: 0, Skipped: 1, Time elapsed: 10.122 s <<< FAILURE! - in TestSuite
validateFailedTest(com.naveenautomationlabs.AFramework.tests.YourStoreTest)  Time elapsed: 0.392 s  <<< FAILURE!
java.lang.AssertionError: expected [false] but found [true]
	at com.naveenautomationlabs.AFramework.tests.YourStoreTest.validateFailedTest(YourStoreTest.java:61)

