<?xml version="1.0" encoding="UTF-8"?>
<testsuite xmlns:xsi="http://www.w3.org/2001/XMLSchema-instance" xsi:noNamespaceSchemaLocation="https://maven.apache.org/surefire/maven-surefire-plugin/xsd/surefire-test-report.xsd" name="TestSuite" time="67.145" tests="10" errors="0" skipped="0" failures="0">
  <properties>
[...]
</properties>
  <testcase name="validateGettingCellElementFromTable" classname="com.naveenautomationlabs.AFramework.tests.MyWishListTest" time="2.807"/>
  <testcase name="validateClickingDisplayItemOnMainPageTakesToItemPage" classname="com.naveenautomationlabs.AFramework.tests.YourStoreTest" time="3.077"/>
  <testcase name="validateDisplayImageIsMovingOnMainPage" classname="com.naveenautomationlabs.AFramework.tests.YourStoreTest" time="3.079"/>
  <testcase name="validateFooterDisplayImagesMoving" classname="com.naveenautomationlabs.AFramework.tests.YourStoreTest" time="3.269"/>
  <testcase name="validateLoginUsingValidCredentials" classname="com.naveenautomationlabs.AFramework.tests.YourStoreTest" time="1.742"/>
  <testcase name="validateLoginUsingValidCredentials" classname="com.naveenautomationlabs.AFramework.tests.YourStoreTest" time="1.303"/>
  <testcase name="validateLoginUsingValidCredentials" classname="com.naveenautomationlabs.AFramework.tests.YourStoreTest" time="1.271"/>
  <testcase name="validateLoginUsingValidCredentials" classname="com.naveenautomationlabs.AFramework.tests.YourStoreTest" time="1.365"/>
  <testcase name="validateWishListIsUpdated" classname="com.naveenautomationlabs.AFramework.tests.YourStoreTest" time="3.109"/>
  <testcase name="validateLogin" classname="com.naveenautomationlabs.AFramework.tests.MyWishListTest" time="3.513"/>
</testsuite>